<?xml version="1.0" encoding="UTF-8"?>
<!-- Generated by org.testng.reporters.JUnitReportReporter -->
<testsuite hostname="DESKTOP-AOMEI0O" failures="0" tests="1" name="com.team.findinghospital.qa.testcases.SearchFiltersTest" time="37.770" errors="0" timestamp="11 Apr 2021 09:46:41 GMT" skipped="0">
  <testcase classname="com.team.findinghospital.qa.testcases.SearchFiltersTest" name="cityTest" time="37.770"/>
</testsuite> <!-- com.team.findinghospital.qa.testcases.SearchFiltersTest -->
