<?xml version="1.0" encoding="UTF-8"?>
<!-- Generated by org.testng.reporters.JUnitReportReporter -->
<testsuite hostname="DESKTOP-AOMEI0O" failures="0" tests="1" name="com.team.findinghospital.qa.testcases.DiagnosticPageTest" time="20.001" errors="0" timestamp="11 Apr 2021 09:46:41 GMT" skipped="0">
  <testcase classname="com.team.findinghospital.qa.testcases.DiagnosticPageTest" name="cityTest" time="20.001"/>
</testsuite> <!-- com.team.findinghospital.qa.testcases.DiagnosticPageTest -->
